<?xml version="1.0" encoding="UTF-8"?>
<!-- Generated by org.testng.reporters.JUnitReportReporter -->
<testsuite hostname="mandeeps-MacBook-Air.local" failures="0" tests="3" name="runners.TestRunner" time="22.342" errors="0" timestamp="2024-10-14T14:38:41 IST" skipped="0">
  <testcase classname="runners.TestRunner" name="runScenario" time="11.265"/>
  <testcase classname="runners.TestRunner" name="runScenario" time="0.101"/>
  <testcase classname="runners.TestRunner" name="runScenario" time="10.976"/>
</testsuite> <!-- runners.TestRunner -->
